# JRE version: 7.0_09-b05
# Java VM: Java HotSpot(TM) Client VM (23.5-b02 mixed mode, sharing windows-x86 )
Heap
 def new generation   total 8384K, used 184K [0x244b0000, 0x24dc0000, 0x29a00000)
  eden space 7488K,   2% used [0x244b0000, 0x244de3e0, 0x24c00000)
  from space 896K,   0% used [0x24c00000, 0x24c00000, 0x24ce0000)
  to   space 896K,   0% used [0x24ce0000, 0x24ce0000, 0x24dc0000)
 tenured generation   total 18436K, used 11059K [0x29a00000, 0x2ac01000, 0x344b0000)
   the space 18436K,  59% used [0x29a00000, 0x2a4ccf18, 0x2a4cd000, 0x2ac01000)
 compacting perm gen  total 12288K, used 3058K [0x344b0000, 0x350b0000, 0x384b0000)
   the space 12288K,  24% used [0x344b0000, 0x347ac928, 0x347aca00, 0x350b0000)
    ro space 10240K,  42% used [0x384b0000, 0x388f0348, 0x388f0400, 0x38eb0000)
    rw space 12288K,  54% used [0x38eb0000, 0x395306f0, 0x39530800, 0x39ab0000)
GC Heap History (10 events):
Event: 26.052 GC heap before
{Heap before GC invocations=5 (full 0):
 def new generation   total 4928K, used 4928K [0x244b0000, 0x24a00000, 0x29a00000)
  eden space 4416K, 100% used [0x244b0000, 0x24900000, 0x24900000)
  from space 512K, 100% used [0x24980000, 0x24a00000, 0x24a00000)
  to   space 512K,   0% used [0x24900000, 0x24900000, 0x24980000)
 tenured generation   total 10944K, used 6582K [0x29a00000, 0x2a4b0000, 0x344b0000)
   the space 10944K,  60% used [0x29a00000, 0x2a06dbb0, 0x2a06dc00, 0x2a4b0000)
 compacting perm gen  total 12288K, used 2978K [0x344b0000, 0x350b0000, 0x384b0000)
   the space 12288K,  24% used [0x344b0000, 0x34798a80, 0x34798c00, 0x350b0000)
    ro space 10240K,  42% used [0x384b0000, 0x388f0348, 0x388f0400, 0x38eb0000)
    rw space 12288K,  54% used [0x38eb0000, 0x395306f0, 0x39530800, 0x39ab0000)
Event: 26.060 GC heap after
Heap after GC invocations=6 (full 0):
 def new generation   total 4928K, used 512K [0x244b0000, 0x24a00000, 0x29a00000)
  eden space 4416K,   0% used [0x244b0000, 0x244b0000, 0x24900000)
  from space 512K, 100% used [0x24900000, 0x24980000, 0x24980000)
  to   space 512K,   0% used [0x24980000, 0x24980000, 0x24a00000)
 tenured generation   total 10944K, used 7126K [0x29a00000, 0x2a4b0000, 0x344b0000)
   the space 10944K,  65% used [0x29a00000, 0x2a0f5850, 0x2a0f5a00, 0x2a4b0000)
 compacting perm gen  total 12288K, used 2978K [0x344b0000, 0x350b0000, 0x384b0000)
   the space 12288K,  24% used [0x344b0000, 0x34798a80, 0x34798c00, 0x350b0000)
    ro space 10240K,  42% used [0x384b0000, 0x388f0348, 0x388f0400, 0x38eb0000)
    rw space 12288K,  54% used [0x38eb0000, 0x395306f0, 0x39530800, 0x39ab0000)
}
Event: 40.393 GC heap before
{Heap before GC invocations=6 (full 0):
 def new generation   total 4928K, used 4928K [0x244b0000, 0x24a00000, 0x29a00000)
  eden space 4416K, 100% used [0x244b0000, 0x24900000, 0x24900000)
  from space 512K, 100% used [0x24900000, 0x24980000, 0x24980000)
  to   space 512K,   0% used [0x24980000, 0x24980000, 0x24a00000)
 tenured generation   total 10944K, used 7126K [0x29a00000, 0x2a4b0000, 0x344b0000)
   the space 10944K,  65% used [0x29a00000, 0x2a0f5850, 0x2a0f5a00, 0x2a4b0000)
 compacting perm gen  total 12288K, used 3035K [0x344b0000, 0x350b0000, 0x384b0000)
   the space 12288K,  24% used [0x344b0000, 0x347a6dc0, 0x347a6e00, 0x350b0000)
    ro space 10240K,  42% used [0x384b0000, 0x388f0348, 0x388f0400, 0x38eb0000)
    rw space 12288K,  54% used [0x38eb0000, 0x395306f0, 0x39530800, 0x39ab0000)
Event: 40.398 GC heap after
Heap after GC invocations=7 (full 0):
 def new generation   total 4928K, used 131K [0x244b0000, 0x24a00000, 0x29a00000)
  eden space 4416K,   0% used [0x244b0000, 0x244b0000, 0x24900000)
  from space 512K,  25% used [0x24980000, 0x249a0d28, 0x24a00000)
  to   space 512K,   0% used [0x24900000, 0x24900000, 0x24980000)
 tenured generation   total 10944K, used 7497K [0x29a00000, 0x2a4b0000, 0x344b0000)
   the space 10944K,  68% used [0x29a00000, 0x2a152610, 0x2a152800, 0x2a4b0000)
 compacting perm gen  total 12288K, used 3035K [0x344b0000, 0x350b0000, 0x384b0000)
   the space 12288K,  24% used [0x344b0000, 0x347a6dc0, 0x347a6e00, 0x350b0000)
    ro space 10240K,  42% used [0x384b0000, 0x388f0348, 0x388f0400, 0x38eb0000)
    rw space 12288K,  54% used [0x38eb0000, 0x395306f0, 0x39530800, 0x39ab0000)
}
Event: 58.874 GC heap before
{Heap before GC invocations=7 (full 0):
 def new generation   total 4928K, used 4024K [0x244b0000, 0x24a00000, 0x29a00000)
  eden space 4416K,  88% used [0x244b0000, 0x2487d4f0, 0x24900000)
  from space 512K,  25% used [0x24980000, 0x249a0d28, 0x24a00000)
  to   space 512K,   0% used [0x24900000, 0x24900000, 0x24980000)
 tenured generation   total 10944K, used 7497K [0x29a00000, 0x2a4b0000, 0x344b0000)
   the space 10944K,  68% used [0x29a00000, 0x2a152610, 0x2a152800, 0x2a4b0000)
 compacting perm gen  total 12288K, used 3045K [0x344b0000, 0x350b0000, 0x384b0000)
   the space 12288K,  24% used [0x344b0000, 0x347a9520, 0x347a9600, 0x350b0000)
    ro space 10240K,  42% used [0x384b0000, 0x388f0348, 0x388f0400, 0x38eb0000)
    rw space 12288K,  54% used [0x38eb0000, 0x395306f0, 0x39530800, 0x39ab0000)
Event: 58.878 GC heap after
Heap after GC invocations=8 (full 0):
 def new generation   total 4928K, used 114K [0x244b0000, 0x24a00000, 0x29a00000)
  eden space 4416K,   0% used [0x244b0000, 0x244b0000, 0x24900000)
  from space 512K,  22% used [0x24900000, 0x2491ca90, 0x24980000)
  to   space 512K,   0% used [0x24980000, 0x24980000, 0x24a00000)
 tenured generation   total 10944K, used 7497K [0x29a00000, 0x2a4b0000, 0x344b0000)
   the space 10944K,  68% used [0x29a00000, 0x2a152610, 0x2a152800, 0x2a4b0000)
 compacting perm gen  total 12288K, used 3045K [0x344b0000, 0x350b0000, 0x384b0000)
   the space 12288K,  24% used [0x344b0000, 0x347a9520, 0x347a9600, 0x350b0000)
    ro space 10240K,  42% used [0x384b0000, 0x388f0348, 0x388f0400, 0x38eb0000)
    rw space 12288K,  54% used [0x38eb0000, 0x395306f0, 0x39530800, 0x39ab0000)
}
Event: 1833.457 GC heap before
{Heap before GC invocations=8 (full 0):
 def new generation   total 4928K, used 4530K [0x244b0000, 0x24a00000, 0x29a00000)
  eden space 4416K, 100% used [0x244b0000, 0x24900000, 0x24900000)
  from space 512K,  22% used [0x24900000, 0x2491ca90, 0x24980000)
  to   space 512K,   0% used [0x24980000, 0x24980000, 0x24a00000)
 tenured generation   total 10944K, used 7497K [0x29a00000, 0x2a4b0000, 0x344b0000)
   the space 10944K,  68% used [0x29a00000, 0x2a152610, 0x2a152800, 0x2a4b0000)
 compacting perm gen  total 12288K, used 3045K [0x344b0000, 0x350b0000, 0x384b0000)
   the space 12288K,  24% used [0x344b0000, 0x347a9660, 0x347a9800, 0x350b0000)
    ro space 10240K,  42% used [0x384b0000, 0x388f0348, 0x388f0400, 0x38eb0000)
    rw space 12288K,  54% used [0x38eb0000, 0x395306f0, 0x39530800, 0x39ab0000)
Event: 1833.462 GC heap after
Heap after GC invocations=9 (full 0):
 def new generation   total 4928K, used 128K [0x244b0000, 0x24a00000, 0x29a00000)
  eden space 4416K,   0% used [0x244b0000, 0x244b0000, 0x24900000)
  from space 512K,  25% used [0x24980000, 0x249a0078, 0x24a00000)
  to   space 512K,   0% used [0x24900000, 0x24900000, 0x24980000)
 tenured generation   total 10944K, used 8294K [0x29a00000, 0x2a4b0000, 0x344b0000)
   the space 10944K,  75% used [0x29a00000, 0x2a2199a0, 0x2a219a00, 0x2a4b0000)
 compacting perm gen  total 12288K, used 3045K [0x344b0000, 0x350b0000, 0x384b0000)
   the space 12288K,  24% used [0x344b0000, 0x347a9660, 0x347a9800, 0x350b0000)
    ro space 10240K,  42% used [0x384b0000, 0x388f0348, 0x388f0400, 0x38eb0000)
    rw space 12288K,  54% used [0x38eb0000, 0x395306f0, 0x39530800, 0x39ab0000)
}
Event: 10441.077 GC heap before
{Heap before GC invocations=9 (full 0):
 def new generation   total 4928K, used 4544K [0x244b0000, 0x24a00000, 0x29a00000)
  eden space 4416K, 100% used [0x244b0000, 0x24900000, 0x24900000)
  from space 512K,  25% used [0x24980000, 0x249a0078, 0x24a00000)
  to   space 512K,   0% used [0x24900000, 0x24900000, 0x24980000)
 tenured generation   total 10944K, used 8294K [0x29a00000, 0x2a4b0000, 0x344b0000)
   the space 10944K,  75% used [0x29a00000, 0x2a2199a0, 0x2a219a00, 0x2a4b0000)
 compacting perm gen  total 12288K, used 3056K [0x344b0000, 0x350b0000, 0x384b0000)
   the space 12288K,  24% used [0x344b0000, 0x347ac0f8, 0x347ac200, 0x350b0000)
    ro space 10240K,  42% used [0x384b0000, 0x388f0348, 0x388f0400, 0x38eb0000)
    rw space 12288K,  54% used [0x38eb0000, 0x395306f0, 0x39530800, 0x39ab0000)
Event: 10448.837 GC heap after
Heap after GC invocations=10 (full 1):
 def new generation   total 8384K, used 0K [0x244b0000, 0x24dc0000, 0x29a00000)
  eden space 7488K,   0% used [0x244b0000, 0x244b0000, 0x24c00000)
  from space 896K,   0% used [0x24c00000, 0x24c00000, 0x24ce0000)
  to   space 896K,   0% used [0x24ce0000, 0x24ce0000, 0x24dc0000)
 tenured generation   total 18436K, used 11059K [0x29a00000, 0x2ac01000, 0x344b0000)
   the space 18436K,  59% used [0x29a00000, 0x2a4ccf18, 0x2a4cd000, 0x2ac01000)
 compacting perm gen  total 12288K, used 3056K [0x344b0000, 0x350b0000, 0x384b0000)
   the space 12288K,  24% used [0x344b0000, 0x347ac0f8, 0x347ac200, 0x350b0000)
    ro space 10240K,  42% used [0x384b0000, 0x388f0348, 0x388f0400, 0x38eb0000)
    rw space 12288K,  54% used [0x38eb0000, 0x395306f0, 0x39530800, 0x39ab0000)
}

